c:\users\sho24\onedrive\デスクトップ\yuiprogram\mygame\jumpmanadventure 2\jumpmanadventure\jumpmanadventure\x64\debug\vc143.pdb
c:\users\sho24\onedrive\デスクトップ\yuiprogram\mygame\jumpmanadventure 2\jumpmanadventure\jumpmanadventure\x64\debug\vc143.idb
c:\users\sho24\onedrive\デスクトップ\yuiprogram\mygame\jumpmanadventure 2\jumpmanadventure\jumpmanadventure\x64\debug\vec2.obj
c:\users\sho24\onedrive\デスクトップ\yuiprogram\mygame\jumpmanadventure 2\jumpmanadventure\jumpmanadventure\x64\debug\scenetitle.obj
c:\users\sho24\onedrive\デスクトップ\yuiprogram\mygame\jumpmanadventure 2\jumpmanadventure\jumpmanadventure\x64\debug\scenestage1.obj
c:\users\sho24\onedrive\デスクトップ\yuiprogram\mygame\jumpmanadventure 2\jumpmanadventure\jumpmanadventure\x64\debug\scenemaneger.obj
c:\users\sho24\onedrive\デスクトップ\yuiprogram\mygame\jumpmanadventure 2\jumpmanadventure\jumpmanadventure\x64\debug\rect.obj
c:\users\sho24\onedrive\デスクトップ\yuiprogram\mygame\jumpmanadventure 2\jumpmanadventure\jumpmanadventure\x64\debug\player.obj
c:\users\sho24\onedrive\デスクトップ\yuiprogram\mygame\jumpmanadventure 2\jumpmanadventure\jumpmanadventure\x64\debug\pad.obj
c:\users\sho24\onedrive\デスクトップ\yuiprogram\mygame\jumpmanadventure 2\jumpmanadventure\jumpmanadventure\x64\debug\bgstage1.obj
c:\users\sho24\onedrive\デスクトップ\yuiprogram\mygame\jumpmanadventure 2\jumpmanadventure\jumpmanadventure\x64\debug\main.obj
c:\users\sho24\onedrive\デスクトップ\yuiprogram\mygame\jumpmanadventure 2\jumpmanadventure\jumpmanadventure\x64\debug\enemyrock.obj
c:\users\sho24\onedrive\デスクトップ\yuiprogram\mygame\jumpmanadventure 2\jumpmanadventure\jumpmanadventure\x64\debug\enemybase.obj
c:\users\sho24\onedrive\デスクトップ\yuiprogram\mygame\jumpmanadventure 2\jumpmanadventure\jumpmanadventure\x64\debug\camera.obj
c:\users\sho24\onedrive\デスクトップ\yuiprogram\mygame\jumpmanadventure 2\jumpmanadventure\jumpmanadventure\x64\debug\bg.obj
c:\users\sho24\onedrive\デスクトップ\yuiprogram\mygame\jumpmanadventure 2\jumpmanadventure\jumpmanadventure\x64\debug\scenemain.obj
c:\users\sho24\onedrive\デスクトップ\yuiprogram\mygame\jumpmanadventure 2\jumpmanadventure\x64\debug\jumpmanadventure.exe
c:\users\sho24\onedrive\デスクトップ\yuiprogram\mygame\jumpmanadventure 2\jumpmanadventure\x64\debug\jumpmanadventure.pdb
c:\users\sho24\onedrive\デスクトップ\yuiprogram\mygame\jumpmanadventure 2\jumpmanadventure\jumpmanadventure\x64\debug\jumpmanadventure.ilk
c:\users\sho24\onedrive\デスクトップ\yuiprogram\mygame\jumpmanadventure 2\jumpmanadventure\jumpmanadventure\x64\debug\jumpmanadventure.tlog\cl.command.1.tlog
c:\users\sho24\onedrive\デスクトップ\yuiprogram\mygame\jumpmanadventure 2\jumpmanadventure\jumpmanadventure\x64\debug\jumpmanadventure.tlog\cl.items.tlog
c:\users\sho24\onedrive\デスクトップ\yuiprogram\mygame\jumpmanadventure 2\jumpmanadventure\jumpmanadventure\x64\debug\jumpmanadventure.tlog\cl.read.1.tlog
c:\users\sho24\onedrive\デスクトップ\yuiprogram\mygame\jumpmanadventure 2\jumpmanadventure\jumpmanadventure\x64\debug\jumpmanadventure.tlog\cl.write.1.tlog
c:\users\sho24\onedrive\デスクトップ\yuiprogram\mygame\jumpmanadventure 2\jumpmanadventure\jumpmanadventure\x64\debug\jumpmanadventure.tlog\link.command.1.tlog
c:\users\sho24\onedrive\デスクトップ\yuiprogram\mygame\jumpmanadventure 2\jumpmanadventure\jumpmanadventure\x64\debug\jumpmanadventure.tlog\link.read.1.tlog
c:\users\sho24\onedrive\デスクトップ\yuiprogram\mygame\jumpmanadventure 2\jumpmanadventure\jumpmanadventure\x64\debug\jumpmanadventure.tlog\link.secondary.1.tlog
c:\users\sho24\onedrive\デスクトップ\yuiprogram\mygame\jumpmanadventure 2\jumpmanadventure\jumpmanadventure\x64\debug\jumpmanadventure.tlog\link.write.1.tlog
