  Bg.cpp
  BgStage1.cpp
  Player.cpp
  Rect.cpp
C:\Users\fko2447021\Documents\GitHub\MyGame\JUMPMANADVENTURE\JUMPMANADVENTURE\Player.cpp(12,26): warning C4244: '初期化中': 'float' から 'const int' への変換です。データが失われる可能性があります。
C:\Users\fko2447021\Documents\GitHub\MyGame\JUMPMANADVENTURE\JUMPMANADVENTURE\Player.cpp(21,34): warning C4244: '初期化中': 'float' から 'const int' への変換です。データが失われる可能性があります。
C:\Users\fko2447021\Documents\GitHub\MyGame\JUMPMANADVENTURE\JUMPMANADVENTURE\Rect.cpp(34,16): warning C4244: '=': 'double' から 'float' への変換です。データが失われる可能性があります。
C:\Users\fko2447021\Documents\GitHub\MyGame\JUMPMANADVENTURE\JUMPMANADVENTURE\Rect.cpp(35,15): warning C4244: '=': 'double' から 'float' への変換です。データが失われる可能性があります。
C:\Users\fko2447021\Documents\GitHub\MyGame\JUMPMANADVENTURE\JUMPMANADVENTURE\Rect.cpp(36,17): warning C4244: '=': 'double' から 'float' への変換です。データが失われる可能性があります。
C:\Users\fko2447021\Documents\GitHub\MyGame\JUMPMANADVENTURE\JUMPMANADVENTURE\Rect.cpp(37,18): warning C4244: '=': 'double' から 'float' への変換です。データが失われる可能性があります。
C:\Users\fko2447021\Documents\GitHub\MyGame\JUMPMANADVENTURE\JUMPMANADVENTURE\Rect.cpp(55,13): warning C4244: '初期化中': 'double' から 'float' への変換です。データが失われる可能性があります。
C:\Users\fko2447021\Documents\GitHub\MyGame\JUMPMANADVENTURE\JUMPMANADVENTURE\Rect.cpp(56,13): warning C4244: '初期化中': 'double' から 'float' への変換です。データが失われる可能性があります。
  SceneMain.cpp
  SceneManager.cpp
C:\Users\fko2447021\Documents\GitHub\MyGame\JUMPMANADVENTURE\JUMPMANADVENTURE\SceneManager.h(6,2): error C2059: 構文エラー: '<'
  (ソース ファイル 'SceneManager.cpp' をコンパイルしています)
  
C:\Users\fko2447021\Documents\GitHub\MyGame\JUMPMANADVENTURE\JUMPMANADVENTURE\SceneManager.h(10,1): error C2143: 構文エラー: ';' が '{' の前にありません。
  (ソース ファイル 'SceneManager.cpp' をコンパイルしています)
  
C:\Users\fko2447021\Documents\GitHub\MyGame\JUMPMANADVENTURE\JUMPMANADVENTURE\SceneManager.h(10,1): error C2447: '{': 対応する関数ヘッダーがありません (旧形式の仮引数リスト?)
  (ソース ファイル 'SceneManager.cpp' をコンパイルしています)
  
C:\Users\fko2447021\Documents\GitHub\MyGame\JUMPMANADVENTURE\JUMPMANADVENTURE\SceneManager.cpp(6,1): error C2653: 'SceneManager': 識別子がクラス名でも名前空間名でもありません。
C:\Users\fko2447021\Documents\GitHub\MyGame\JUMPMANADVENTURE\JUMPMANADVENTURE\SceneManager.cpp(6,30): error C4430: 型指定子がありません - int と仮定しました。メモ: C++ は int を既定値としてサポートしていません
C:\Users\fko2447021\Documents\GitHub\MyGame\JUMPMANADVENTURE\JUMPMANADVENTURE\SceneManager.cpp(8,13): error C2065: 'kMap': 定義されていない識別子です。
C:\Users\fko2447021\Documents\GitHub\MyGame\JUMPMANADVENTURE\JUMPMANADVENTURE\SceneManager.cpp(9,1): error C2550: 'SceneManager': コンストラクターの初期化子リストはコンストラクターの定義だけに許されます。
C:\Users\fko2447021\Documents\GitHub\MyGame\JUMPMANADVENTURE\JUMPMANADVENTURE\SceneManager.cpp(11,2): error C2065: 'm_pTestMap': 定義されていない識別子です。
C:\Users\fko2447021\Documents\GitHub\MyGame\JUMPMANADVENTURE\JUMPMANADVENTURE\SceneManager.cpp(11,15): error C2027: 認識できない型 'TestMap' が使われています。
  C:\Users\fko2447021\Documents\GitHub\MyGame\JUMPMANADVENTURE\JUMPMANADVENTURE\SceneManager.h(4,7):
  'TestMap' の宣言を確認してください
  
C:\Users\fko2447021\Documents\GitHub\MyGame\JUMPMANADVENTURE\JUMPMANADVENTURE\SceneManager.cpp(12,1): warning C4508: 'SceneManager': 関数に戻り値の型が指定されていません。戻り値を void 型と見なします。
C:\Users\fko2447021\Documents\GitHub\MyGame\JUMPMANADVENTURE\JUMPMANADVENTURE\SceneManager.cpp(14,1): error C2653: 'SceneManager': 識別子がクラス名でも名前空間名でもありません。
C:\Users\fko2447021\Documents\GitHub\MyGame\JUMPMANADVENTURE\JUMPMANADVENTURE\SceneManager.cpp(15,1): error C4430: 型指定子がありません - int と仮定しました。メモ: C++ は int を既定値としてサポートしていません
C:\Users\fko2447021\Documents\GitHub\MyGame\JUMPMANADVENTURE\JUMPMANADVENTURE\SceneManager.cpp(19,9): error C2065: 'm_pTestMap': 定義されていない識別子です。
C:\Users\fko2447021\Documents\GitHub\MyGame\JUMPMANADVENTURE\JUMPMANADVENTURE\SceneManager.cpp(19,2): error C2541: 'delete': ポインターではないオブジェクトを削除することはできません。
C:\Users\fko2447021\Documents\GitHub\MyGame\JUMPMANADVENTURE\JUMPMANADVENTURE\SceneManager.cpp(20,2): error C2065: 'm_pTestMap': 定義されていない識別子です。
C:\Users\fko2447021\Documents\GitHub\MyGame\JUMPMANADVENTURE\JUMPMANADVENTURE\SceneManager.cpp(21,1): warning C4508: '{dtor}': 関数に戻り値の型が指定されていません。戻り値を void 型と見なします。
C:\Users\fko2447021\Documents\GitHub\MyGame\JUMPMANADVENTURE\JUMPMANADVENTURE\SceneManager.cpp(23,6): error C2653: 'SceneManager': 識別子がクラス名でも名前空間名でもありません。
C:\Users\fko2447021\Documents\GitHub\MyGame\JUMPMANADVENTURE\JUMPMANADVENTURE\SceneManager.cpp(36,6): error C2653: 'SceneManager': 識別子がクラス名でも名前空間名でもありません。
C:\Users\fko2447021\Documents\GitHub\MyGame\JUMPMANADVENTURE\JUMPMANADVENTURE\SceneManager.cpp(40,2): error C2065: 'm_pTestMap': 定義されていない識別子です。
C:\Users\fko2447021\Documents\GitHub\MyGame\JUMPMANADVENTURE\JUMPMANADVENTURE\SceneManager.cpp(63,6): error C2653: 'SceneManager': 識別子がクラス名でも名前空間名でもありません。
C:\Users\fko2447021\Documents\GitHub\MyGame\JUMPMANADVENTURE\JUMPMANADVENTURE\SceneManager.cpp(75,2): error C2065: 'm_pTestMap': 定義されていない識別子です。
  SceneStage1.cpp
C:\Users\fko2447021\Documents\GitHub\MyGame\JUMPMANADVENTURE\JUMPMANADVENTURE\SceneStage1.cpp(32,2): error C2065: 'm_pPlayer': 定義されていない識別子です。
C:\Users\fko2447021\Documents\GitHub\MyGame\JUMPMANADVENTURE\JUMPMANADVENTURE\SceneStage1.cpp(35,2): error C2065: 'm_pBg': 定義されていない識別子です。
C:\Users\fko2447021\Documents\GitHub\MyGame\JUMPMANADVENTURE\JUMPMANADVENTURE\SceneStage1.cpp(36,2): error C2065: 'm_pBg': 定義されていない識別子です。
C:\Users\fko2447021\Documents\GitHub\MyGame\JUMPMANADVENTURE\JUMPMANADVENTURE\SceneStage1.cpp(36,19): error C2065: 'm_pPlayer': 定義されていない識別子です。
C:\Users\fko2447021\Documents\GitHub\MyGame\JUMPMANADVENTURE\JUMPMANADVENTURE\SceneStage1.cpp(42,9): error C2065: 'm_pBg': 定義されていない識別子です。
C:\Users\fko2447021\Documents\GitHub\MyGame\JUMPMANADVENTURE\JUMPMANADVENTURE\SceneStage1.cpp(42,2): error C2541: 'delete': ポインターではないオブジェクトを削除することはできません。
C:\Users\fko2447021\Documents\GitHub\MyGame\JUMPMANADVENTURE\JUMPMANADVENTURE\SceneStage1.cpp(43,2): error C2065: 'm_pBg': 定義されていない識別子です。
C:\Users\fko2447021\Documents\GitHub\MyGame\JUMPMANADVENTURE\JUMPMANADVENTURE\SceneStage1.cpp(46,9): error C2065: 'm_pPlayer': 定義されていない識別子です。
C:\Users\fko2447021\Documents\GitHub\MyGame\JUMPMANADVENTURE\JUMPMANADVENTURE\SceneStage1.cpp(46,2): error C2541: 'delete': ポインターではないオブジェクトを削除することはできません。
C:\Users\fko2447021\Documents\GitHub\MyGame\JUMPMANADVENTURE\JUMPMANADVENTURE\SceneStage1.cpp(47,2): error C2065: 'm_pPlayer': 定義されていない識別子です。
C:\Users\fko2447021\Documents\GitHub\MyGame\JUMPMANADVENTURE\JUMPMANADVENTURE\SceneStage1.cpp(52,2): error C2065: 'm_pPlayer': 定義されていない識別子です。
C:\Users\fko2447021\Documents\GitHub\MyGame\JUMPMANADVENTURE\JUMPMANADVENTURE\SceneStage1.cpp(52,18): error C2065: 'm_pBg': 定義されていない識別子です。
C:\Users\fko2447021\Documents\GitHub\MyGame\JUMPMANADVENTURE\JUMPMANADVENTURE\SceneStage1.cpp(53,2): error C2065: 'm_pPlayer': 定義されていない識別子です。
C:\Users\fko2447021\Documents\GitHub\MyGame\JUMPMANADVENTURE\JUMPMANADVENTURE\SceneStage1.cpp(56,2): error C2065: 'm_pBg': 定義されていない識別子です。
C:\Users\fko2447021\Documents\GitHub\MyGame\JUMPMANADVENTURE\JUMPMANADVENTURE\SceneStage1.cpp(62,2): error C2065: 'm_pBg': 定義されていない識別子です。
C:\Users\fko2447021\Documents\GitHub\MyGame\JUMPMANADVENTURE\JUMPMANADVENTURE\SceneStage1.cpp(65,2): error C2065: 'm_pPlayer': 定義されていない識別子です。
C:\Users\fko2447021\Documents\GitHub\MyGame\JUMPMANADVENTURE\JUMPMANADVENTURE\SceneStage1.cpp(67,16): error C2065: 'm_pPlayer': 定義されていない識別子です。
C:\Users\fko2447021\Documents\GitHub\MyGame\JUMPMANADVENTURE\JUMPMANADVENTURE\SceneStage1.cpp(69,20): error C2065: 'm_pPlayer': 定義されていない識別子です。
C:\Users\fko2447021\Documents\GitHub\MyGame\JUMPMANADVENTURE\JUMPMANADVENTURE\SceneStage1.cpp(79,2): error C2065: 'm_pBg': 定義されていない識別子です。
C:\Users\fko2447021\Documents\GitHub\MyGame\JUMPMANADVENTURE\JUMPMANADVENTURE\SceneStage1.cpp(82,2): error C2065: 'm_pPlayer': 定義されていない識別子です。
  TestMap.cpp
  TestPlayer.cpp
  TestRect.cpp
  main.cpp
C:\Users\fko2447021\Documents\GitHub\MyGame\JUMPMANADVENTURE\JUMPMANADVENTURE\SceneManager.h(6,2): error C2059: 構文エラー: '<'
  (ソース ファイル 'main.cpp' をコンパイルしています)
  
C:\Users\fko2447021\Documents\GitHub\MyGame\JUMPMANADVENTURE\JUMPMANADVENTURE\SceneManager.h(10,1): error C2143: 構文エラー: ';' が '{' の前にありません。
  (ソース ファイル 'main.cpp' をコンパイルしています)
  
C:\Users\fko2447021\Documents\GitHub\MyGame\JUMPMANADVENTURE\JUMPMANADVENTURE\SceneManager.h(10,1): error C2447: '{': 対応する関数ヘッダーがありません (旧形式の仮引数リスト?)
  (ソース ファイル 'main.cpp' をコンパイルしています)
  
  コードを生成中...
