c:\users\fko2447021\documents\github\mygame\jumpmanadventure\jumpmanadventure\x64\debug\vc143.pdb
c:\users\fko2447021\documents\github\mygame\jumpmanadventure\jumpmanadventure\x64\debug\vc143.idb
c:\users\fko2447021\documents\github\mygame\jumpmanadventure\jumpmanadventure\x64\debug\vec2.obj
c:\users\fko2447021\documents\github\mygame\jumpmanadventure\jumpmanadventure\x64\debug\scenestage1.obj
c:\users\fko2447021\documents\github\mygame\jumpmanadventure\jumpmanadventure\x64\debug\scenemanager.obj
c:\users\fko2447021\documents\github\mygame\jumpmanadventure\jumpmanadventure\x64\debug\scenemain.obj
c:\users\fko2447021\documents\github\mygame\jumpmanadventure\jumpmanadventure\x64\debug\rect.obj
c:\users\fko2447021\documents\github\mygame\jumpmanadventure\jumpmanadventure\x64\debug\player.obj
c:\users\fko2447021\documents\github\mygame\jumpmanadventure\jumpmanadventure\x64\debug\pad.obj
c:\users\fko2447021\documents\github\mygame\jumpmanadventure\jumpmanadventure\x64\debug\main.obj
c:\users\fko2447021\documents\github\mygame\jumpmanadventure\jumpmanadventure\x64\debug\bgstage1.obj
c:\users\fko2447021\documents\github\mygame\jumpmanadventure\jumpmanadventure\x64\debug\bg.obj
c:\users\fko2447021\documents\github\mygame\jumpmanadventure\x64\debug\jumpmanadventure.exe
c:\users\fko2447021\documents\github\mygame\jumpmanadventure\x64\debug\jumpmanadventure.pdb
c:\users\fko2447021\documents\github\mygame\jumpmanadventure\jumpmanadventure\x64\debug\jumpmanadventure.ilk
c:\users\fko2447021\documents\github\mygame\jumpmanadventure\jumpmanadventure\x64\debug\testscenemain.obj
c:\users\fko2447021\documents\github\mygame\jumpmanadventure\jumpmanadventure\x64\debug\jumpmanadventure.tlog\cl.command.1.tlog
c:\users\fko2447021\documents\github\mygame\jumpmanadventure\jumpmanadventure\x64\debug\jumpmanadventure.tlog\cl.items.tlog
c:\users\fko2447021\documents\github\mygame\jumpmanadventure\jumpmanadventure\x64\debug\jumpmanadventure.tlog\cl.read.1.tlog
c:\users\fko2447021\documents\github\mygame\jumpmanadventure\jumpmanadventure\x64\debug\jumpmanadventure.tlog\cl.write.1.tlog
c:\users\fko2447021\documents\github\mygame\jumpmanadventure\jumpmanadventure\x64\debug\jumpmanadventure.tlog\link.command.1.tlog
c:\users\fko2447021\documents\github\mygame\jumpmanadventure\jumpmanadventure\x64\debug\jumpmanadventure.tlog\link.read.1.tlog
c:\users\fko2447021\documents\github\mygame\jumpmanadventure\jumpmanadventure\x64\debug\jumpmanadventure.tlog\link.secondary.1.tlog
c:\users\fko2447021\documents\github\mygame\jumpmanadventure\jumpmanadventure\x64\debug\jumpmanadventure.tlog\link.write.1.tlog
